<?xml version="1.0" encoding="UTF-8"?>
<testng-results ignored="0" total="1" passed="1" failed="0" skipped="0">
  <reporter-output>
  </reporter-output>
  <suite started-at="2023-08-08T22:49:46 IST" name="Default suite" finished-at="2023-08-08T22:50:05 IST" duration-ms="18333">
    <groups>
    </groups>
    <test started-at="2023-08-08T22:49:46 IST" name="Default test" finished-at="2023-08-08T22:50:05 IST" duration-ms="18333">
      <class name="com.Appium.test.TC_HomePage_001">
        <test-method is-config="true" signature="setUp()[pri:0, instance:com.Appium.test.TC_HomePage_001@74fe5c40]" started-at="2023-08-08T22:49:46 IST" name="setUp" finished-at="2023-08-08T22:50:05 IST" duration-ms="18271" status="PASS">
          <reporter-output>
          </reporter-output>
        </test-method> <!-- setUp -->
        <test-method signature="testFun()[pri:0, instance:com.Appium.test.TC_HomePage_001@74fe5c40]" started-at="2023-08-08T22:50:05 IST" name="testFun" finished-at="2023-08-08T22:50:05 IST" duration-ms="8" status="PASS">
          <reporter-output>
          </reporter-output>
        </test-method> <!-- testFun -->
      </class> <!-- com.Appium.test.TC_HomePage_001 -->
    </test> <!-- Default test -->
  </suite> <!-- Default suite -->
</testng-results>
